<?xml version="1.0" encoding="UTF-8"?>
<robot generator="Robot 7.0 (Python 3.12.2 on win32)" generated="2024-04-13T15:26:08.153485" rpa="false" schemaversion="5">
<suite id="s1" name="Testes Serverest" source="C:\Users\tiago_mata\Downloads\Supernatural\repositorio-supernatural\tests\testes_serverest.robot">
<test id="s1-t1" name="cenario de teste: Login de usuário administrador" line="5">
<kw name="Passo 1 - Acessar a pagina de login" owner="testes_recursos_serverest">
<kw name="Open Browser" owner="SeleniumLibrary">
<msg time="2024-04-13T15:26:08.349747" level="INFO">Opening browser 'chrome' to base url 'None'.</msg>
<arg>browser=chrome</arg>
<doc>Opens a new browser instance to the optional ``url``.</doc>
<status status="PASS" start="2024-04-13T15:26:08.349747" elapsed="2.927162"/>
</kw>
<kw name="Maximize Browser Window" owner="SeleniumLibrary">
<doc>Maximizes current browser window.</doc>
<status status="PASS" start="2024-04-13T15:26:11.277912" elapsed="0.130401"/>
</kw>
<kw name="Go To" owner="SeleniumLibrary">
<msg time="2024-04-13T15:26:11.408313" level="INFO">Opening url 'https://automacao.qacoders-academy.com.br/login'</msg>
<arg>url=https://automacao.qacoders-academy.com.br/login</arg>
<doc>Navigates the current browser window to the provided ``url``.</doc>
<status status="PASS" start="2024-04-13T15:26:11.408313" elapsed="28.926833"/>
</kw>
<status status="PASS" start="2024-04-13T15:26:08.348722" elapsed="31.987402"/>
</kw>
<status status="PASS" start="2024-04-13T15:26:08.347876" elapsed="31.988248"/>
</test>
<status status="PASS" start="2024-04-13T15:26:08.155477" elapsed="32.182648"/>
</suite>
<statistics>
<total>
<stat pass="1" fail="0" skip="0">All Tests</stat>
</total>
<tag>
</tag>
<suite>
<stat pass="1" fail="0" skip="0" id="s1" name="Testes Serverest">Testes Serverest</stat>
</suite>
</statistics>
<errors>
</errors>
</robot>
